2018-01-03 11:16:15.553 ERROR 18964 --- [main] o.s.b.l.LoggingApplicationListener       : Cannot set level: warn   for 'com.xiaofangtech.sunt.helper'
2018-01-03 11:16:15.556 ERROR 18964 --- [main] o.s.b.l.LoggingApplicationListener       : Cannot set level: debug   for 'com.xiaofangtech.sunt.controller'
2018-01-03 11:16:15.648  INFO 18964 --- [main] c.g.m.MessagePatformApplication          : Starting MessagePatformApplication on DESKTOP-PNP8EB3 with PID 18964 (E:\mh\message-patform\target\classes started by 39290 in E:\mh\message-patform)
2018-01-03 11:16:15.649  INFO 18964 --- [main] c.g.m.MessagePatformApplication          : No active profile set, falling back to default profiles: default
2018-01-03 11:16:15.680  INFO 18964 --- [main] ationConfigEmbeddedWebApplicationContext : Refreshing org.springframework.boot.context.embedded.AnnotationConfigEmbeddedWebApplicationContext@255b53dc: startup date [Wed Jan 03 11:16:15 CST 2018]; root of context hierarchy
2018-01-03 11:16:16.068  WARN 18964 --- [main] o.m.s.mapper.ClassPathMapperScanner      : No MyBatis mapper was found in '[com.example.mapper]' package. Please check your configuration.
2018-01-03 11:16:16.718  INFO 18964 --- [main] s.b.c.e.t.TomcatEmbeddedServletContainer : Tomcat initialized with port(s): 8080 (http)
2018-01-03 11:16:16.728  INFO 18964 --- [main] o.apache.catalina.core.StandardService   : Starting service [Tomcat]
2018-01-03 11:16:16.729  INFO 18964 --- [main] org.apache.catalina.core.StandardEngine  : Starting Servlet Engine: Apache Tomcat/8.5.23
2018-01-03 11:16:16.936  INFO 18964 --- [localhost-startStop-1] o.a.c.c.C.[Tomcat].[localhost].[/]       : Initializing Spring embedded WebApplicationContext
2018-01-03 11:16:16.936  INFO 18964 --- [localhost-startStop-1] o.s.web.context.ContextLoader            : Root WebApplicationContext: initialization completed in 1258 ms
2018-01-03 11:16:17.077  INFO 18964 --- [localhost-startStop-1] o.s.b.w.servlet.ServletRegistrationBean  : Mapping servlet: 'dispatcherServlet' to [/]
2018-01-03 11:16:17.081  INFO 18964 --- [localhost-startStop-1] o.s.b.w.servlet.FilterRegistrationBean   : Mapping filter: 'characterEncodingFilter' to: [/*]
2018-01-03 11:16:17.081  INFO 18964 --- [localhost-startStop-1] o.s.b.w.servlet.FilterRegistrationBean   : Mapping filter: 'hiddenHttpMethodFilter' to: [/*]
2018-01-03 11:16:17.081  INFO 18964 --- [localhost-startStop-1] o.s.b.w.servlet.FilterRegistrationBean   : Mapping filter: 'httpPutFormContentFilter' to: [/*]
2018-01-03 11:16:17.081  INFO 18964 --- [localhost-startStop-1] o.s.b.w.servlet.FilterRegistrationBean   : Mapping filter: 'requestContextFilter' to: [/*]
2018-01-03 11:16:17.082  INFO 18964 --- [localhost-startStop-1] o.s.b.w.servlet.FilterRegistrationBean   : Mapping filter: 'myCORSFilter' to: [/*]
2018-01-03 11:16:17.827  INFO 18964 --- [main] s.w.s.m.m.a.RequestMappingHandlerAdapter : Looking for @ControllerAdvice: org.springframework.boot.context.embedded.AnnotationConfigEmbeddedWebApplicationContext@255b53dc: startup date [Wed Jan 03 11:16:15 CST 2018]; root of context hierarchy
2018-01-03 11:16:17.870  INFO 18964 --- [main] s.w.s.m.m.a.RequestMappingHandlerMapping : Mapped "{[/home/index],methods=[GET]}" onto public java.lang.Object com.gzbigone.messagepatform.controller.HomeController.Index(javax.servlet.http.HttpServletRequest,javax.servlet.http.HttpServletResponse,java.lang.Integer)
2018-01-03 11:16:17.872  INFO 18964 --- [main] s.w.s.m.m.a.RequestMappingHandlerMapping : Mapped "{[/error]}" onto public org.springframework.http.ResponseEntity<java.util.Map<java.lang.String, java.lang.Object>> org.springframework.boot.autoconfigure.web.BasicErrorController.error(javax.servlet.http.HttpServletRequest)
2018-01-03 11:16:17.872  INFO 18964 --- [main] s.w.s.m.m.a.RequestMappingHandlerMapping : Mapped "{[/error],produces=[text/html]}" onto public org.springframework.web.servlet.ModelAndView org.springframework.boot.autoconfigure.web.BasicErrorController.errorHtml(javax.servlet.http.HttpServletRequest,javax.servlet.http.HttpServletResponse)
2018-01-03 11:16:17.895  INFO 18964 --- [main] o.s.w.s.handler.SimpleUrlHandlerMapping  : Mapped URL path [/webjars/**] onto handler of type [class org.springframework.web.servlet.resource.ResourceHttpRequestHandler]
2018-01-03 11:16:17.896  INFO 18964 --- [main] o.s.w.s.handler.SimpleUrlHandlerMapping  : Mapped URL path [/**] onto handler of type [class org.springframework.web.servlet.resource.ResourceHttpRequestHandler]
2018-01-03 11:16:17.924  INFO 18964 --- [main] o.s.w.s.handler.SimpleUrlHandlerMapping  : Mapped URL path [/**/favicon.ico] onto handler of type [class org.springframework.web.servlet.resource.ResourceHttpRequestHandler]
2018-01-03 11:16:18.169  INFO 18964 --- [main] o.s.j.e.a.AnnotationMBeanExporter        : Registering beans for JMX exposure on startup
2018-01-03 11:16:18.216  INFO 18964 --- [main] s.b.c.e.t.TomcatEmbeddedServletContainer : Tomcat started on port(s): 8080 (http)
2018-01-03 11:16:18.218  INFO 18964 --- [main] c.g.m.MessagePatformApplication          : Started MessagePatformApplication in 2.831 seconds (JVM running for 3.476)
