2018-01-04 16:04:33,137 INFO (StartupInfoLogger.java:48)- Starting MessagePatformApplicationTests on DESKTOP-3LSMBCK with PID 6052 (started by Administrator in D:\java\message-patform)
2018-01-04 16:04:33,139 DEBUG (StartupInfoLogger.java:51)- Running with Spring Boot v1.5.9.RELEASE, Spring v4.3.13.RELEASE
2018-01-04 16:04:33,140 INFO (SpringApplication.java:593)- No active profile set, falling back to default profiles: default
2018-01-04 16:04:33,169 INFO (AbstractApplicationContext.java:583)- Refreshing org.springframework.web.context.support.GenericWebApplicationContext@4b013c76: startup date [Thu Jan 04 16:04:33 CST 2018]; root of context hierarchy
2018-01-04 16:04:33,660 INFO (Version.java:30)- HV000001: Hibernate Validator 5.3.6.Final
2018-01-04 16:04:33,845 WARN (ClassPathMapperScanner.java:166)- No MyBatis mapper was found in '[com.example.mapper]' package. Please check your configuration.
2018-01-04 16:04:35,355 INFO (RequestMappingHandlerAdapter.java:534)- Looking for @ControllerAdvice: org.springframework.web.context.support.GenericWebApplicationContext@4b013c76: startup date [Thu Jan 04 16:04:33 CST 2018]; root of context hierarchy
2018-01-04 16:04:35,412 INFO (AbstractHandlerMethodMapping.java:543)- Mapped "{[/home/index],methods=[GET]}" onto public java.lang.Object com.gzbigone.messagepatform.controller.HomeController.Index(javax.servlet.http.HttpServletRequest,javax.servlet.http.HttpServletResponse,java.lang.String)
2018-01-04 16:04:35,413 INFO (AbstractHandlerMethodMapping.java:543)- Mapped "{[/message/Message],methods=[POST]}" onto public java.lang.Object com.gzbigone.messagepatform.controller.MessageController.Index(java.lang.Integer,java.lang.String,java.lang.String,java.lang.String,java.lang.String[],java.lang.String[],javax.servlet.http.HttpServletRequest,javax.servlet.http.HttpServletResponse)
2018-01-04 16:04:35,415 INFO (AbstractHandlerMethodMapping.java:543)- Mapped "{[/user/getUser],methods=[GET]}" onto public java.lang.Object com.gzbigone.messagepatform.controller.UserController.Index(javax.servlet.http.HttpServletRequest,javax.servlet.http.HttpServletResponse)
2018-01-04 16:04:35,417 INFO (AbstractHandlerMethodMapping.java:543)- Mapped "{[/error]}" onto public org.springframework.http.ResponseEntity<java.util.Map<java.lang.String, java.lang.Object>> org.springframework.boot.autoconfigure.web.BasicErrorController.error(javax.servlet.http.HttpServletRequest)
2018-01-04 16:04:35,418 INFO (AbstractHandlerMethodMapping.java:543)- Mapped "{[/error],produces=[text/html]}" onto public org.springframework.web.servlet.ModelAndView org.springframework.boot.autoconfigure.web.BasicErrorController.errorHtml(javax.servlet.http.HttpServletRequest,javax.servlet.http.HttpServletResponse)
2018-01-04 16:04:35,452 INFO (AbstractUrlHandlerMapping.java:362)- Mapped URL path [/webjars/**] onto handler of type [class org.springframework.web.servlet.resource.ResourceHttpRequestHandler]
2018-01-04 16:04:35,453 INFO (AbstractUrlHandlerMapping.java:362)- Mapped URL path [/**] onto handler of type [class org.springframework.web.servlet.resource.ResourceHttpRequestHandler]
2018-01-04 16:04:35,487 INFO (AbstractUrlHandlerMapping.java:362)- Mapped URL path [/**/favicon.ico] onto handler of type [class org.springframework.web.servlet.resource.ResourceHttpRequestHandler]
2018-01-04 16:04:35,801 INFO (StartupInfoLogger.java:57)- Started MessagePatformApplicationTests in 3.258 seconds (JVM running for 4.484)
2018-01-04 16:04:35,840 INFO (AbstractApplicationContext.java:984)- Closing org.springframework.web.context.support.GenericWebApplicationContext@4b013c76: startup date [Thu Jan 04 16:04:33 CST 2018]; root of context hierarchy
2018-01-04 16:05:50,740 INFO (StartupInfoLogger.java:48)- Starting MessagePatformApplicationTests on DESKTOP-3LSMBCK with PID 7048 (started by Administrator in D:\java\message-patform)
2018-01-04 16:05:50,740 DEBUG (StartupInfoLogger.java:51)- Running with Spring Boot v1.5.9.RELEASE, Spring v4.3.13.RELEASE
2018-01-04 16:05:50,741 INFO (SpringApplication.java:593)- No active profile set, falling back to default profiles: default
2018-01-04 16:05:50,777 INFO (AbstractApplicationContext.java:583)- Refreshing org.springframework.web.context.support.GenericWebApplicationContext@4b013c76: startup date [Thu Jan 04 16:05:50 CST 2018]; root of context hierarchy
2018-01-04 16:05:51,060 INFO (Version.java:30)- HV000001: Hibernate Validator 5.3.6.Final
2018-01-04 16:05:51,279 WARN (ClassPathMapperScanner.java:166)- No MyBatis mapper was found in '[com.example.mapper]' package. Please check your configuration.
2018-01-04 16:05:52,828 INFO (RequestMappingHandlerAdapter.java:534)- Looking for @ControllerAdvice: org.springframework.web.context.support.GenericWebApplicationContext@4b013c76: startup date [Thu Jan 04 16:05:50 CST 2018]; root of context hierarchy
2018-01-04 16:05:52,887 INFO (AbstractHandlerMethodMapping.java:543)- Mapped "{[/home/index],methods=[GET]}" onto public java.lang.Object com.gzbigone.messagepatform.controller.HomeController.Index(javax.servlet.http.HttpServletRequest,javax.servlet.http.HttpServletResponse,java.lang.String)
2018-01-04 16:05:52,889 INFO (AbstractHandlerMethodMapping.java:543)- Mapped "{[/message/Message],methods=[POST]}" onto public java.lang.Object com.gzbigone.messagepatform.controller.MessageController.Index(java.lang.Integer,java.lang.String,java.lang.String,java.lang.String,java.lang.String[],java.lang.String[],javax.servlet.http.HttpServletRequest,javax.servlet.http.HttpServletResponse)
2018-01-04 16:05:52,889 INFO (AbstractHandlerMethodMapping.java:543)- Mapped "{[/user/getUser],methods=[GET]}" onto public java.lang.Object com.gzbigone.messagepatform.controller.UserController.Index(javax.servlet.http.HttpServletRequest,javax.servlet.http.HttpServletResponse)
2018-01-04 16:05:52,891 INFO (AbstractHandlerMethodMapping.java:543)- Mapped "{[/error]}" onto public org.springframework.http.ResponseEntity<java.util.Map<java.lang.String, java.lang.Object>> org.springframework.boot.autoconfigure.web.BasicErrorController.error(javax.servlet.http.HttpServletRequest)
2018-01-04 16:05:52,891 INFO (AbstractHandlerMethodMapping.java:543)- Mapped "{[/error],produces=[text/html]}" onto public org.springframework.web.servlet.ModelAndView org.springframework.boot.autoconfigure.web.BasicErrorController.errorHtml(javax.servlet.http.HttpServletRequest,javax.servlet.http.HttpServletResponse)
2018-01-04 16:05:52,918 INFO (AbstractUrlHandlerMapping.java:362)- Mapped URL path [/webjars/**] onto handler of type [class org.springframework.web.servlet.resource.ResourceHttpRequestHandler]
2018-01-04 16:05:52,918 INFO (AbstractUrlHandlerMapping.java:362)- Mapped URL path [/**] onto handler of type [class org.springframework.web.servlet.resource.ResourceHttpRequestHandler]
2018-01-04 16:05:52,961 INFO (AbstractUrlHandlerMapping.java:362)- Mapped URL path [/**/favicon.ico] onto handler of type [class org.springframework.web.servlet.resource.ResourceHttpRequestHandler]
2018-01-04 16:05:53,332 INFO (StartupInfoLogger.java:57)- Started MessagePatformApplicationTests in 3.164 seconds (JVM running for 4.094)
2018-01-04 16:05:53,372 INFO (AbstractApplicationContext.java:984)- Closing org.springframework.web.context.support.GenericWebApplicationContext@4b013c76: startup date [Thu Jan 04 16:05:50 CST 2018]; root of context hierarchy
